<?xml version="1.0" encoding="UTF-8"?>
<testng-results ignored="0" total="1" passed="1" failed="0" skipped="0">
  <reporter-output>
  </reporter-output>
  <suite started-at="2026-03-14T11:45:27 IST" name="Suite" finished-at="2026-03-14T11:45:48 IST" duration-ms="21746">
    <groups>
    </groups>
    <test started-at="2026-03-14T11:45:27 IST" name="master" finished-at="2026-03-14T11:45:48 IST" duration-ms="21746">
      <class name="testCases.TC01_SearchProduct">
        <test-method is-config="true" signature="setUp(java.lang.String,java.lang.String)[pri:0, instance:testCases.TC01_SearchProduct@1c39680d]" started-at="2026-03-14T11:45:27 IST" name="setUp" finished-at="2026-03-14T11:45:41 IST" duration-ms="14372" status="PASS">
          <params>
            <param index="0">
              <value>
                <![CDATA[windows]]>
              </value>
            </param>
            <param index="1">
              <value>
                <![CDATA[chrome]]>
              </value>
            </param>
          </params>
          <reporter-output>
          </reporter-output>
        </test-method> <!-- setUp -->
        <test-method signature="searchProduct()[pri:0, instance:testCases.TC01_SearchProduct@1c39680d]" started-at="2026-03-14T11:45:41 IST" name="searchProduct" finished-at="2026-03-14T11:45:48 IST" duration-ms="6604" status="PASS">
          <reporter-output>
          </reporter-output>
        </test-method> <!-- searchProduct -->
        <test-method is-config="true" signature="terminate()[pri:0, instance:testCases.TC01_SearchProduct@1c39680d]" started-at="2026-03-14T11:45:48 IST" name="terminate" finished-at="2026-03-14T11:45:48 IST" duration-ms="703" status="PASS">
          <reporter-output>
          </reporter-output>
        </test-method> <!-- terminate -->
      </class> <!-- testCases.TC01_SearchProduct -->
    </test> <!-- master -->
  </suite> <!-- Suite -->
</testng-results>
